D:\BIN\X2\ADDONS\DSCPPPLUGIN.DLL
D:\BIN\X2\ADDONS\DSCPPPLUGIN.DLL.MANIFEST
D:\Bin\X2\Addons\DsCppPlugin.exp
D:\BIN\X2\ADDONS\DSCPPPLUGIN.ILK
D:\Bin\X2\Addons\DsCppPlugin.lib
D:\BIN\X2\ADDONS\DSCPPPLUGIN.PDB
F:\PROJECT\DSCPPPLUGIN16\DSCPPPLUGIN\DEBUG\.NETFRAMEWORK,VERSION=V4.0.ASSEMBLYATTRIBUTES.OBJ
F:\PROJECT\DsCppPlugin16\DsCppPlugin\Debug\cl.command.1.tlog
F:\PROJECT\DsCppPlugin16\DsCppPlugin\Debug\CL.read.1.tlog
F:\PROJECT\DsCppPlugin16\DsCppPlugin\Debug\CL.write.1.tlog
F:\PROJECT\DsCppPlugin16\DsCppPlugin\Debug\dewesoftx.tlh
F:\PROJECT\DSCPPPLUGIN16\DSCPPPLUGIN\DEBUG\DLLMAIN.OBJ
F:\PROJECT\DSCPPPLUGIN16\DSCPPPLUGIN\DEBUG\DSCPPPLUGIN.DLL.INTERMEDIATE.MANIFEST
F:\PROJECT\DSCPPPLUGIN16\DSCPPPLUGIN\DEBUG\DSCPPPLUGIN.OBJ
F:\PROJECT\DSCPPPLUGIN16\DSCPPPLUGIN\DEBUG\DSCPPPLUGIN.PCH
F:\PROJECT\DSCPPPLUGIN16\DSCPPPLUGIN\DEBUG\DSCPPPLUGIN.RES
F:\PROJECT\DSCPPPLUGIN16\DSCPPPLUGIN\DEBUG\DSCPPPLUGIN.TLB
F:\PROJECT\DsCppPlugin16\DsCppPlugin\Debug\DsCppPlugin.vcxproj.GenerateResource.Cache
F:\PROJECT\DsCppPlugin16\DsCppPlugin\Debug\DsCppPlugin.vcxprojResolveAssemblyReference.cache
F:\PROJECT\DsCppPlugin16\DsCppPlugin\Debug\DsCppPlugin.write.1.tlog
F:\PROJECT\DSCPPPLUGIN16\DSCPPPLUGIN\DEBUG\DSCPPPLUGIN_I.OBJ
F:\PROJECT\DsCppPlugin16\DsCppPlugin\Debug\link.10296.read.1.tlog
F:\PROJECT\DsCppPlugin16\DsCppPlugin\Debug\link.10296.write.1.tlog
F:\PROJECT\DsCppPlugin16\DsCppPlugin\Debug\link.10296-cvtres.read.1.tlog
F:\PROJECT\DsCppPlugin16\DsCppPlugin\Debug\link.10296-cvtres.write.1.tlog
F:\PROJECT\DsCppPlugin16\DsCppPlugin\Debug\link.10388.read.1.tlog
F:\PROJECT\DsCppPlugin16\DsCppPlugin\Debug\link.10388.write.1.tlog
F:\PROJECT\DsCppPlugin16\DsCppPlugin\Debug\link.10388-cvtres.read.1.tlog
F:\PROJECT\DsCppPlugin16\DsCppPlugin\Debug\link.10388-cvtres.write.1.tlog
F:\PROJECT\DsCppPlugin16\DsCppPlugin\Debug\link.11048.read.1.tlog
F:\PROJECT\DsCppPlugin16\DsCppPlugin\Debug\link.11048.write.1.tlog
F:\PROJECT\DsCppPlugin16\DsCppPlugin\Debug\link.11048-cvtres.read.1.tlog
F:\PROJECT\DsCppPlugin16\DsCppPlugin\Debug\link.11048-cvtres.write.1.tlog
F:\PROJECT\DsCppPlugin16\DsCppPlugin\Debug\link.12016.read.1.tlog
F:\PROJECT\DsCppPlugin16\DsCppPlugin\Debug\link.12016.write.1.tlog
F:\PROJECT\DsCppPlugin16\DsCppPlugin\Debug\link.12016-cvtres.read.1.tlog
F:\PROJECT\DsCppPlugin16\DsCppPlugin\Debug\link.12016-cvtres.write.1.tlog
F:\PROJECT\DsCppPlugin16\DsCppPlugin\Debug\link.12488.read.1.tlog
F:\PROJECT\DsCppPlugin16\DsCppPlugin\Debug\link.12488.write.1.tlog
F:\PROJECT\DsCppPlugin16\DsCppPlugin\Debug\link.12488-cvtres.read.1.tlog
F:\PROJECT\DsCppPlugin16\DsCppPlugin\Debug\link.12488-cvtres.write.1.tlog
F:\PROJECT\DsCppPlugin16\DsCppPlugin\Debug\link.13568.read.1.tlog
F:\PROJECT\DsCppPlugin16\DsCppPlugin\Debug\link.13568.write.1.tlog
F:\PROJECT\DsCppPlugin16\DsCppPlugin\Debug\link.13568-cvtres.read.1.tlog
F:\PROJECT\DsCppPlugin16\DsCppPlugin\Debug\link.13568-cvtres.write.1.tlog
F:\PROJECT\DsCppPlugin16\DsCppPlugin\Debug\link.14016.read.1.tlog
F:\PROJECT\DsCppPlugin16\DsCppPlugin\Debug\link.14016.write.1.tlog
F:\PROJECT\DsCppPlugin16\DsCppPlugin\Debug\link.14016-cvtres.read.1.tlog
F:\PROJECT\DsCppPlugin16\DsCppPlugin\Debug\link.14016-cvtres.write.1.tlog
F:\PROJECT\DsCppPlugin16\DsCppPlugin\Debug\link.16524.read.1.tlog
F:\PROJECT\DsCppPlugin16\DsCppPlugin\Debug\link.16524.write.1.tlog
F:\PROJECT\DsCppPlugin16\DsCppPlugin\Debug\link.16524-cvtres.read.1.tlog
F:\PROJECT\DsCppPlugin16\DsCppPlugin\Debug\link.16524-cvtres.write.1.tlog
F:\PROJECT\DsCppPlugin16\DsCppPlugin\Debug\link.3184.read.1.tlog
F:\PROJECT\DsCppPlugin16\DsCppPlugin\Debug\link.3184.write.1.tlog
F:\PROJECT\DsCppPlugin16\DsCppPlugin\Debug\link.3184-cvtres.read.1.tlog
F:\PROJECT\DsCppPlugin16\DsCppPlugin\Debug\link.3184-cvtres.write.1.tlog
F:\PROJECT\DsCppPlugin16\DsCppPlugin\Debug\link.3296.read.1.tlog
F:\PROJECT\DsCppPlugin16\DsCppPlugin\Debug\link.3296.write.1.tlog
F:\PROJECT\DsCppPlugin16\DsCppPlugin\Debug\link.3296-cvtres.read.1.tlog
F:\PROJECT\DsCppPlugin16\DsCppPlugin\Debug\link.3296-cvtres.write.1.tlog
F:\PROJECT\DsCppPlugin16\DsCppPlugin\Debug\link.3824.read.1.tlog
F:\PROJECT\DsCppPlugin16\DsCppPlugin\Debug\link.3824.write.1.tlog
F:\PROJECT\DsCppPlugin16\DsCppPlugin\Debug\link.3824-cvtres.read.1.tlog
F:\PROJECT\DsCppPlugin16\DsCppPlugin\Debug\link.3824-cvtres.write.1.tlog
F:\PROJECT\DsCppPlugin16\DsCppPlugin\Debug\link.3904.read.1.tlog
F:\PROJECT\DsCppPlugin16\DsCppPlugin\Debug\link.3904.write.1.tlog
F:\PROJECT\DsCppPlugin16\DsCppPlugin\Debug\link.3904-cvtres.read.1.tlog
F:\PROJECT\DsCppPlugin16\DsCppPlugin\Debug\link.3904-cvtres.write.1.tlog
F:\PROJECT\DsCppPlugin16\DsCppPlugin\Debug\link.3964.read.1.tlog
F:\PROJECT\DsCppPlugin16\DsCppPlugin\Debug\link.3964.write.1.tlog
F:\PROJECT\DsCppPlugin16\DsCppPlugin\Debug\link.3964-cvtres.read.1.tlog
F:\PROJECT\DsCppPlugin16\DsCppPlugin\Debug\link.3964-cvtres.write.1.tlog
F:\PROJECT\DsCppPlugin16\DsCppPlugin\Debug\link.4912.read.1.tlog
F:\PROJECT\DsCppPlugin16\DsCppPlugin\Debug\link.4912.write.1.tlog
F:\PROJECT\DsCppPlugin16\DsCppPlugin\Debug\link.4912-cvtres.read.1.tlog
F:\PROJECT\DsCppPlugin16\DsCppPlugin\Debug\link.4912-cvtres.write.1.tlog
F:\PROJECT\DsCppPlugin16\DsCppPlugin\Debug\link.4952.read.1.tlog
F:\PROJECT\DsCppPlugin16\DsCppPlugin\Debug\link.4952.write.1.tlog
F:\PROJECT\DsCppPlugin16\DsCppPlugin\Debug\link.4952-cvtres.read.1.tlog
F:\PROJECT\DsCppPlugin16\DsCppPlugin\Debug\link.4952-cvtres.write.1.tlog
F:\PROJECT\DsCppPlugin16\DsCppPlugin\Debug\link.5004.read.1.tlog
F:\PROJECT\DsCppPlugin16\DsCppPlugin\Debug\link.5004.write.1.tlog
F:\PROJECT\DsCppPlugin16\DsCppPlugin\Debug\link.5004-cvtres.read.1.tlog
F:\PROJECT\DsCppPlugin16\DsCppPlugin\Debug\link.5004-cvtres.write.1.tlog
F:\PROJECT\DsCppPlugin16\DsCppPlugin\Debug\link.5532.read.1.tlog
F:\PROJECT\DsCppPlugin16\DsCppPlugin\Debug\link.5532.write.1.tlog
F:\PROJECT\DsCppPlugin16\DsCppPlugin\Debug\link.5532-cvtres.read.1.tlog
F:\PROJECT\DsCppPlugin16\DsCppPlugin\Debug\link.5532-cvtres.write.1.tlog
F:\PROJECT\DsCppPlugin16\DsCppPlugin\Debug\link.7088.read.1.tlog
F:\PROJECT\DsCppPlugin16\DsCppPlugin\Debug\link.7088.write.1.tlog
F:\PROJECT\DsCppPlugin16\DsCppPlugin\Debug\link.7088-cvtres.read.1.tlog
F:\PROJECT\DsCppPlugin16\DsCppPlugin\Debug\link.7088-cvtres.write.1.tlog
F:\PROJECT\DsCppPlugin16\DsCppPlugin\Debug\link.7192.read.1.tlog
F:\PROJECT\DsCppPlugin16\DsCppPlugin\Debug\link.7192.write.1.tlog
F:\PROJECT\DsCppPlugin16\DsCppPlugin\Debug\link.7192-cvtres.read.1.tlog
F:\PROJECT\DsCppPlugin16\DsCppPlugin\Debug\link.7192-cvtres.write.1.tlog
F:\PROJECT\DsCppPlugin16\DsCppPlugin\Debug\link.7408.read.1.tlog
F:\PROJECT\DsCppPlugin16\DsCppPlugin\Debug\link.7408.write.1.tlog
F:\PROJECT\DsCppPlugin16\DsCppPlugin\Debug\link.7408-cvtres.read.1.tlog
F:\PROJECT\DsCppPlugin16\DsCppPlugin\Debug\link.7408-cvtres.write.1.tlog
F:\PROJECT\DsCppPlugin16\DsCppPlugin\Debug\link.7948.read.1.tlog
F:\PROJECT\DsCppPlugin16\DsCppPlugin\Debug\link.7948.write.1.tlog
F:\PROJECT\DsCppPlugin16\DsCppPlugin\Debug\link.7948-cvtres.read.1.tlog
F:\PROJECT\DsCppPlugin16\DsCppPlugin\Debug\link.7948-cvtres.write.1.tlog
F:\PROJECT\DsCppPlugin16\DsCppPlugin\Debug\link.8456.read.1.tlog
F:\PROJECT\DsCppPlugin16\DsCppPlugin\Debug\link.8456.write.1.tlog
F:\PROJECT\DsCppPlugin16\DsCppPlugin\Debug\link.8456-cvtres.read.1.tlog
F:\PROJECT\DsCppPlugin16\DsCppPlugin\Debug\link.8456-cvtres.write.1.tlog
F:\PROJECT\DsCppPlugin16\DsCppPlugin\Debug\link.8700.read.1.tlog
F:\PROJECT\DsCppPlugin16\DsCppPlugin\Debug\link.8700.write.1.tlog
F:\PROJECT\DsCppPlugin16\DsCppPlugin\Debug\link.8700-cvtres.read.1.tlog
F:\PROJECT\DsCppPlugin16\DsCppPlugin\Debug\link.8700-cvtres.write.1.tlog
F:\PROJECT\DsCppPlugin16\DsCppPlugin\Debug\link.9468.read.1.tlog
F:\PROJECT\DsCppPlugin16\DsCppPlugin\Debug\link.9468.write.1.tlog
F:\PROJECT\DsCppPlugin16\DsCppPlugin\Debug\link.9468-cvtres.read.1.tlog
F:\PROJECT\DsCppPlugin16\DsCppPlugin\Debug\link.9468-cvtres.write.1.tlog
F:\PROJECT\DsCppPlugin16\DsCppPlugin\Debug\link.9980.read.1.tlog
F:\PROJECT\DsCppPlugin16\DsCppPlugin\Debug\link.9980.write.1.tlog
F:\PROJECT\DsCppPlugin16\DsCppPlugin\Debug\link.9980-cvtres.read.1.tlog
F:\PROJECT\DsCppPlugin16\DsCppPlugin\Debug\link.9980-cvtres.write.1.tlog
F:\PROJECT\DsCppPlugin16\DsCppPlugin\Debug\link.command.1.tlog
F:\PROJECT\DsCppPlugin16\DsCppPlugin\Debug\link.read.1.tlog
F:\PROJECT\DsCppPlugin16\DsCppPlugin\Debug\link.write.1.tlog
F:\PROJECT\DsCppPlugin16\DsCppPlugin\Debug\midl.command.1.tlog
F:\PROJECT\DsCppPlugin16\DsCppPlugin\Debug\midl.read.1.tlog
F:\PROJECT\DsCppPlugin16\DsCppPlugin\Debug\midl.write.1.tlog
F:\PROJECT\DsCppPlugin16\DsCppPlugin\Debug\midl-midlc.read.1.tlog
F:\PROJECT\DsCppPlugin16\DsCppPlugin\Debug\midl-midlc.write.1.tlog
F:\PROJECT\DsCppPlugin16\DsCppPlugin\Debug\midl-midlc-cl.read.1.tlog
F:\PROJECT\DsCppPlugin16\DsCppPlugin\Debug\midl-midlc-cl.write.1.tlog
F:\PROJECT\DsCppPlugin16\DsCppPlugin\Debug\mt.command.1.tlog
F:\PROJECT\DsCppPlugin16\DsCppPlugin\Debug\mt.read.1.tlog
F:\PROJECT\DsCppPlugin16\DsCppPlugin\Debug\mt.write.1.tlog
F:\PROJECT\DsCppPlugin16\DsCppPlugin\Debug\rc.command.1.tlog
F:\PROJECT\DsCppPlugin16\DsCppPlugin\Debug\rc.read.1.tlog
F:\PROJECT\DsCppPlugin16\DsCppPlugin\Debug\rc.write.1.tlog
F:\PROJECT\DSCPPPLUGIN16\DSCPPPLUGIN\DEBUG\SETUPUSERCONTROL.OBJ
F:\PROJECT\DsCppPlugin16\DsCppPlugin\Debug\SetupUserControl.resources
F:\PROJECT\DSCPPPLUGIN16\DSCPPPLUGIN\DEBUG\STDAFX.OBJ
F:\PROJECT\DSCPPPLUGIN16\DSCPPPLUGIN\DEBUG\VC100.PDB
F:\PROJECT\DSCPPPLUGIN16\DSCPPPLUGIN\DEBUG\VCPPPLUGINIMPL.OBJ
F:\PROJECT\DSCPPPLUGIN16\DSCPPPLUGIN\DSCPPPLUGIN_I.C
F:\PROJECT\DSCPPPLUGIN16\DSCPPPLUGIN\DSCPPPLUGIN_I.H
F:\PROJECT\DSCPPPLUGIN16\DSCPPPLUGIN\DSCPPPLUGIN_P.C
