生成启动时间为 2016/8/12 9:40:51。
     1>项目“F:\PROJECT\DsCppPlugin16\DsCppPlugin\DsCppPlugin.vcxproj”在节点 2 上(build 个目标)。
     1>InitializeBuildStatus:
         正在对“Debug\DsCppPlugin.unsuccessfulbuild”执行 Touch 任务。
       Midl:
         所有输出均为最新。
       GenerateTargetFrameworkMonikerAttribute:
       正在跳过目标“GenerateTargetFrameworkMonikerAttribute”，因为所有输出文件相对于输入文件而言都是最新的。
       ClCompile:
         所有输出均为最新。
         所有输出均为最新。
         C:\Program Files (x86)\Microsoft Visual Studio 10.0\VC\bin\CL.exe /c /I"D:\Visual Leak Detector\include" /AI"C:\Program Files (x86)\Reference Assemblies\Microsoft\Framework\.NETFramework\v4.0" /Zi /clr /nologo /W0 /WX- /Od /Oy- /D WIN32 /D _WINDOWS /D _DEBUG /D _USRDLL /D _WINDLL /D _UNICODE /D UNICODE /D _ATL_DLL /Gm- /EHa /MDd /GS /fp:precise /Zc:wchar_t /Zc:forScope /Fo"Debug\\" /Fd"Debug\vc100.pdb" /TP /FU"C:\Program Files (x86)\Reference Assemblies\Microsoft\Framework\.NETFramework\v4.0\System.Core.dll" /FU"C:\Program Files (x86)\Reference Assemblies\Microsoft\Framework\.NETFramework\v4.0\System.Data.dll" /FU"C:\Program Files (x86)\Reference Assemblies\Microsoft\Framework\.NETFramework\v4.0\System.dll" /FU"C:\Program Files (x86)\Reference Assemblies\Microsoft\Framework\.NETFramework\v4.0\System.Drawing.dll" /FU"C:\Program Files (x86)\Reference Assemblies\Microsoft\Framework\.NETFramework\v4.0\System.Windows.Forms.dll" /analyze- /errorReport:prompt VCppPluginImpl.cpp /clr:nostdlib 
         VCppPluginImpl.cpp
         所有输出均为最新。
         所有输出均为最新。
       CoreResGen:
         没有相对于源文件而言已过期的资源。正在跳过资源生成操作。
       ResourceCompile:
         所有输出均为最新。
       Link:
         C:\Program Files (x86)\Microsoft Visual Studio 10.0\VC\bin\link.exe /ERRORREPORT:PROMPT /OUT:"D:\Bin\X2\Addons\DsCppPlugin.dll" /INCREMENTAL /NOLOGO /LIBPATH:"D:\Visual Leak Detector\lib\Win32" kernel32.lib user32.lib gdi32.lib winspool.lib comdlg32.lib advapi32.lib shell32.lib ole32.lib oleaut32.lib uuid.lib odbc32.lib odbccp32.lib /DEF:".\DsCppPlugin.def" /ASSEMBLYRESOURCE:Debug\SetupUserControl.resources /MANIFEST /ManifestFile:"Debug\DsCppPlugin.dll.intermediate.manifest" /MANIFESTUAC:"level='asInvoker' uiAccess='false'" /DEBUG /PDB:"D:\Bin\X2\Addons\DsCppPlugin.pdb" /ASSEMBLYDEBUG /SUBSYSTEM:WINDOWS /TLBID:1 /DYNAMICBASE /FIXED:NO /NXCOMPAT /MACHINE:X86 /DLL Debug\DsCppPlugin.res
         Debug\dllmain.obj
         Debug\DsCppPlugin.obj
         Debug\DsCppPlugin_i.obj
         Debug\SetupUserControl.obj
         Debug\stdafx.obj
         Debug\VCppPluginImpl.obj
         "Debug\.NETFramework,Version=v4.0.AssemblyAttributes.obj"
            正在创建库 D:\Bin\X2\Addons\DsCppPlugin.lib 和对象 D:\Bin\X2\Addons\DsCppPlugin.exp
         DsCppPlugin.vcxproj -> D:\Bin\X2\Addons\DsCppPlugin.dll
       Manifest:
         C:\Program Files (x86)\Microsoft SDKs\Windows\v7.0A\bin\mt.exe /nologo /verbose /out:"D:\Bin\X2\Addons\DsCppPlugin.dll.manifest" /manifest Debug\DsCppPlugin.dll.intermediate.manifest
       FinalizeBuildStatus:
         正在删除文件“Debug\DsCppPlugin.unsuccessfulbuild”。
         正在对“Debug\DsCppPlugin.lastbuildstate”执行 Touch 任务。
     1>已完成生成项目“F:\PROJECT\DsCppPlugin16\DsCppPlugin\DsCppPlugin.vcxproj”(build 个目标)的操作。

生成成功。

已用时间 00:00:12.01
